
> frontend@0.0.0 dev
> vite

▲ [WARNING] Duplicate key "build" in object literal [duplicate-object-key]

    package.json:11:4:
      11 │     "build": "react-scripts build",
         ╵     ~~~~~~~

  The original key "build" is here:

    package.json:9:4:
      9 │     "build": "vite build",
        ╵     ~~~~~~~


  VITE v4.4.2  ready in 487 ms

  ➜  Local:   http://localhost:5002/
  ➜  Network: use --host to expose
Browserslist: caniuse-lite is outdated. Please run:
  npx update-browserslist-db@latest
  Why you should do it regularly: https://github.com/browserslist/update-db#readme

> frontend@0.0.0 dev
> vite

▲ [WARNING] Duplicate key "build" in object literal [duplicate-object-key]

    package.json:11:4:
      11 │     "build": "react-scripts build",
         ╵     ~~~~~~~

  The original key "build" is here:

    package.json:9:4:
      9 │     "build": "vite build",
        ╵     ~~~~~~~

Port 5002 is in use, trying another one...
Port 5003 is in use, trying another one...

  VITE v4.4.2  ready in 467 ms

  ➜  Local:   http://localhost:5004/
  ➜  Network: use --host to expose

> frontend@0.0.0 dev
> vite

▲ [WARNING] Duplicate key "build" in object literal [duplicate-object-key]

    package.json:11:4:
      11 │     "build": "react-scripts build",
         ╵     ~~~~~~~

  The original key "build" is here:

    package.json:9:4:
      9 │     "build": "vite build",
        ╵     ~~~~~~~

Port 5002 is in use, trying another one...
Port 5003 is in use, trying another one...
Port 5004 is in use, trying another one...

  VITE v4.4.2  ready in 587 ms

  ➜  Local:   http://localhost:5005/
  ➜  Network: use --host to expose
